<?xml version="1.0" encoding="UTF-8"?>
<!-- Generated by org.testng.reporters.JUnitReportReporter -->
<testsuite hostname="ANKITA" failures="0" tests="1" name="com.CRM.TestCases.LoginPageTestCase" time="1.400" errors="0" timestamp="2024-07-24T10:37:18 IST" skipped="0">
  <testcase classname="com.CRM.TestCases.LoginPageTestCase" name="validateLogin" time="1.400"/>
  <system-out/>
</testsuite> <!-- com.CRM.TestCases.LoginPageTestCase -->
