<?xml version="1.0" encoding="UTF-8"?>
<!-- Generated by org.testng.reporters.JUnitReportReporter -->
<testsuite hostname="ANKITA" failures="0" tests="3" name="com.CRM.TestCases.HomePageTestCase" time="1.086" errors="0" timestamp="2024-07-24T10:37:18 IST" skipped="0">
  <testcase classname="com.CRM.TestCases.HomePageTestCase" name="verifyUrl" time="0.147"/>
  <system-out/>
  <testcase classname="com.CRM.TestCases.HomePageTestCase" name="verifyTitle" time="0.038"/>
  <system-out/>
  <testcase classname="com.CRM.TestCases.HomePageTestCase" name="validateSigninLink" time="0.901"/>
  <system-out/>
</testsuite> <!-- com.CRM.TestCases.HomePageTestCase -->
