<?xml version="1.0" encoding="UTF-8"?>
<!-- Generated by org.testng.reporters.JUnitReportReporter -->
<testsuite hostname="ANKITA" failures="0" tests="3" name="com.CRM.TestCases.HomePageTestCase" time="2.521" errors="0" timestamp="2024-07-24T14:35:52 IST" skipped="0">
  <testcase classname="com.CRM.TestCases.HomePageTestCase" name="verifyUrl" time="0.601"/>
  <system-out/>
  <testcase classname="com.CRM.TestCases.HomePageTestCase" name="verifyTitle" time="0.032"/>
  <system-out/>
  <testcase classname="com.CRM.TestCases.HomePageTestCase" name="validateSigninLink" time="1.888"/>
  <system-out/>
</testsuite> <!-- com.CRM.TestCases.HomePageTestCase -->
