<?xml version="1.0" encoding="UTF-8"?>
<!-- Generated by org.testng.reporters.JUnitReportReporter -->
<testsuite hostname="ANKITA" failures="0" tests="1" name="com.CRM.TestCases.LoginPageTestCase" time="2.170" errors="0" timestamp="2024-07-24T14:35:52 IST" skipped="0">
  <testcase classname="com.CRM.TestCases.LoginPageTestCase" name="validateLogin" time="2.170"/>
  <system-out/>
</testsuite> <!-- com.CRM.TestCases.LoginPageTestCase -->
