<?xml version="1.0" encoding="UTF-8"?>
<!-- Generated by org.testng.reporters.JUnitReportReporter -->
<testsuite hostname="ANKITA" failures="0" tests="3" name="com.CRM.TestCases.HomePageTestCase" time="1.300" errors="0" timestamp="2024-07-24T11:17:34 IST" skipped="0">
  <testcase classname="com.CRM.TestCases.HomePageTestCase" name="verifyUrl" time="0.109"/>
  <system-out/>
  <testcase classname="com.CRM.TestCases.HomePageTestCase" name="verifyTitle" time="0.046"/>
  <system-out/>
  <testcase classname="com.CRM.TestCases.HomePageTestCase" name="validateSigninLink" time="1.145"/>
  <system-out/>
</testsuite> <!-- com.CRM.TestCases.HomePageTestCase -->
