<?xml version="1.0" encoding="UTF-8"?>
<!-- Generated by org.testng.reporters.JUnitReportReporter -->
<testsuite hostname="ANKITA" failures="0" tests="1" name="com.CRM.TestCases.LoginPageTestCase" time="3.074" errors="0" timestamp="2024-07-24T13:58:48 IST" skipped="0">
  <testcase classname="com.CRM.TestCases.LoginPageTestCase" name="validateLogin" time="3.074"/>
  <system-out/>
</testsuite> <!-- com.CRM.TestCases.LoginPageTestCase -->
