<?xml version="1.0" encoding="UTF-8"?>
<!-- Generated by org.testng.reporters.JUnitReportReporter -->
<testsuite hostname="ANKITA" failures="0" tests="3" name="com.CRM.TestCases.HomePageTestCase" time="2.075" errors="0" timestamp="2024-07-24T13:58:48 IST" skipped="0">
  <testcase classname="com.CRM.TestCases.HomePageTestCase" name="verifyUrl" time="0.761"/>
  <system-out/>
  <testcase classname="com.CRM.TestCases.HomePageTestCase" name="verifyTitle" time="0.036"/>
  <system-out/>
  <testcase classname="com.CRM.TestCases.HomePageTestCase" name="validateSigninLink" time="1.278"/>
  <system-out/>
</testsuite> <!-- com.CRM.TestCases.HomePageTestCase -->
